2025-07-10 08:03:37,331 - Synergy3StrategyCorrected - INFO - [225707720.py:218] - Configuration validated successfully
2025-07-10 08:03:37,334 - Synergy3StrategyCorrected - INFO - [225707720.py:244] - Strategy configuration initialized successfully
2025-07-10 08:03:37,336 - Synergy3StrategyCorrected - INFO - [225707720.py:272] - ============================================================
2025-07-10 08:03:37,339 - Synergy3StrategyCorrected - INFO - [225707720.py:273] - SYNERGY 3: NW-RQK → MLMI → FVG STRATEGY [CORRECTED]
2025-07-10 08:03:37,339 - Synergy3StrategyCorrected - INFO - [225707720.py:274] - Using original indicator implementations
2025-07-10 08:03:37,343 - Synergy3StrategyCorrected - INFO - [225707720.py:275] - ============================================================
2025-07-10 08:03:44,775 - Synergy3StrategyCorrected - INFO - [225707720.py:218] - Configuration validated successfully
2025-07-10 08:03:44,778 - Synergy3StrategyCorrected - INFO - [225707720.py:244] - Strategy configuration initialized successfully
2025-07-10 08:03:44,781 - Synergy3StrategyCorrected - INFO - [225707720.py:272] - ============================================================
2025-07-10 08:03:44,783 - Synergy3StrategyCorrected - INFO - [225707720.py:273] - SYNERGY 3: NW-RQK → MLMI → FVG STRATEGY [CORRECTED]
2025-07-10 08:03:44,785 - Synergy3StrategyCorrected - INFO - [225707720.py:274] - Using original indicator implementations
2025-07-10 08:03:44,785 - Synergy3StrategyCorrected - INFO - [225707720.py:275] - ============================================================
2025-07-10 08:03:44,877 - Synergy3StrategyCorrected - INFO - [3615366201.py:4] - Starting data loading process...
2025-07-10 08:03:44,879 - Synergy3StrategyCorrected - INFO - [3615366201.py:15] - Loading 30m data from /home/QuantNova/AlgoSpace-8/notebooks/notebook data/@CL - 5 min - ETH.csv
2025-07-10 08:03:45,387 - Synergy3StrategyCorrected - INFO - [3615366201.py:69] - Parsing timestamps for 30m data...
2025-07-10 08:04:34,188 - Synergy3StrategyCorrected - INFO - [3615366201.py:110] - Timestamp parsing complete: 100.0% success (354748/354748)
2025-07-10 08:04:34,225 - Synergy3StrategyCorrected - INFO - [3615366201.py:139] - Successfully loaded 354748 rows of 30m data
2025-07-10 08:04:34,227 - Synergy3StrategyCorrected - INFO - [3615366201.py:19] - Loading 5m data from /home/QuantNova/AlgoSpace-8/notebooks/notebook data/@CL - 30 min - ETH.csv
2025-07-10 08:04:34,375 - Synergy3StrategyCorrected - ERROR - [3615366201.py:143] - Error loading 5m data: Missing required columns in 5m data: ['low']
2025-07-10 08:04:34,378 - Synergy3StrategyCorrected - ERROR - [3615366201.py:43] - Critical error in data loading: Missing required columns in 5m data: ['low']
2025-07-10 08:04:34,381 - Synergy3StrategyCorrected - ERROR - [3615366201.py:465] - Failed to load data: Missing required columns in 5m data: ['low']
2025-07-10 08:18:19,164 - Synergy3StrategyCorrected - INFO - [225707720.py:218] - Configuration validated successfully
2025-07-10 08:18:19,165 - Synergy3StrategyCorrected - INFO - [225707720.py:244] - Strategy configuration initialized successfully
2025-07-10 08:18:19,166 - Synergy3StrategyCorrected - INFO - [225707720.py:272] - ============================================================
2025-07-10 08:18:19,168 - Synergy3StrategyCorrected - INFO - [225707720.py:273] - SYNERGY 3: NW-RQK → MLMI → FVG STRATEGY [CORRECTED]
2025-07-10 08:18:19,168 - Synergy3StrategyCorrected - INFO - [225707720.py:274] - Using original indicator implementations
2025-07-10 08:18:19,169 - Synergy3StrategyCorrected - INFO - [225707720.py:275] - ============================================================
2025-07-10 08:18:19,310 - Synergy3StrategyCorrected - INFO - [154262813.py:4] - Starting data loading process...
2025-07-10 08:18:19,311 - Synergy3StrategyCorrected - INFO - [154262813.py:15] - Loading 30m data from /home/QuantNova/AlgoSpace-8/notebooks/notebook data/@CL - 5 min - ETH.csv
2025-07-10 08:18:19,539 - Synergy3StrategyCorrected - INFO - [154262813.py:78] - Parsing timestamps for 30m data...
2025-07-10 08:18:39,576 - Synergy3StrategyCorrected - INFO - [154262813.py:119] - Timestamp parsing complete: 100.0% success (354748/354748)
2025-07-10 08:18:39,590 - Synergy3StrategyCorrected - INFO - [154262813.py:148] - Successfully loaded 354748 rows of 30m data
2025-07-10 08:18:39,591 - Synergy3StrategyCorrected - INFO - [154262813.py:19] - Loading 5m data from /home/QuantNova/AlgoSpace-8/notebooks/notebook data/@CL - 30 min - ETH.csv
2025-07-10 08:18:39,638 - Synergy3StrategyCorrected - ERROR - [154262813.py:74] - Available columns: ['timestamp', 'open', 'high', 'llow', 'close', 'volume']
2025-07-10 08:18:39,639 - Synergy3StrategyCorrected - ERROR - [154262813.py:152] - Error loading 5m data: Missing required columns in 5m data: ['low']
2025-07-10 08:18:39,639 - Synergy3StrategyCorrected - ERROR - [154262813.py:43] - Critical error in data loading: Missing required columns in 5m data: ['low']
2025-07-10 08:18:39,640 - Synergy3StrategyCorrected - ERROR - [154262813.py:474] - Failed to load data: Missing required columns in 5m data: ['low']
